<?xml version="1.0" encoding="UTF-8"?>
<coverage generated="1587552179032" clover="3.2.0">
  <project timestamp="1587552179032" name="All files">
    <metrics statements="154" coveredstatements="122" conditionals="54" coveredconditionals="37" methods="37" coveredmethods="32" elements="245" coveredelements="191" complexity="0" loc="154" ncloc="154" packages="1" files="1" classes="1"/>
    <file name="app.js" path="/home/user/apps/TESTING_APP/wg_forge_frontend/src/app.js">
      <metrics statements="154" coveredstatements="122" conditionals="54" coveredconditionals="37" methods="37" coveredmethods="32"/>
      <line num="4" count="7" type="stmt"/>
      <line num="6" count="6" type="stmt"/>
      <line num="8" count="6" type="stmt"/>
      <line num="12" count="6" type="stmt"/>
      <line num="14" count="6" type="stmt"/>
      <line num="16" count="6" type="stmt"/>
      <line num="20" count="6" type="stmt"/>
      <line num="22" count="6" type="stmt"/>
      <line num="24" count="6" type="stmt"/>
      <line num="28" count="6" type="stmt"/>
      <line num="30" count="6" type="stmt"/>
      <line num="32" count="6" type="stmt"/>
      <line num="36" count="7" type="stmt"/>
      <line num="38" count="6" type="stmt"/>
      <line num="40" count="6" type="stmt"/>
      <line num="42" count="6" type="stmt"/>
      <line num="44" count="6" type="stmt"/>
      <line num="45" count="6" type="stmt"/>
      <line num="47" count="6" type="stmt"/>
      <line num="48" count="0" type="cond" truecount="0" falsecount="2"/>
      <line num="49" count="0" type="stmt"/>
      <line num="51" count="0" type="stmt"/>
      <line num="55" count="6" type="stmt"/>
      <line num="70" count="6" type="stmt"/>
      <line num="80" count="6" type="stmt"/>
      <line num="82" count="6" type="stmt"/>
      <line num="83" count="2" type="stmt"/>
      <line num="84" count="2" type="stmt"/>
      <line num="86" count="2" type="cond" truecount="2" falsecount="0"/>
      <line num="87" count="1" type="stmt"/>
      <line num="89" count="1" type="stmt"/>
      <line num="90" count="1" type="stmt"/>
      <line num="94" count="6" type="stmt"/>
      <line num="95" count="4" type="stmt"/>
      <line num="97" count="4" type="stmt"/>
      <line num="98" count="24" type="stmt"/>
      <line num="99" count="12" type="cond" truecount="10" falsecount="0"/>
      <line num="103" count="5" type="stmt"/>
      <line num="107" count="4" type="cond" truecount="2" falsecount="0"/>
      <line num="108" count="3" type="stmt"/>
      <line num="109" count="3" type="stmt"/>
      <line num="111" count="1" type="stmt"/>
      <line num="112" count="1" type="stmt"/>
      <line num="115" count="1" type="stmt"/>
      <line num="142" count="6" type="stmt"/>
      <line num="143" count="126" type="stmt"/>
      <line num="146" count="6" type="stmt"/>
      <line num="148" count="6" type="stmt"/>
      <line num="149" count="2" type="stmt"/>
      <line num="151" count="2" type="cond" truecount="1" falsecount="1"/>
      <line num="152" count="0" type="stmt"/>
      <line num="153" count="0" type="stmt"/>
      <line num="154" count="0" type="stmt"/>
      <line num="156" count="0" type="cond" truecount="0" falsecount="2"/>
      <line num="157" count="0" type="stmt"/>
      <line num="159" count="0" type="stmt"/>
      <line num="163" count="0" type="stmt"/>
      <line num="165" count="0" type="cond" truecount="0" falsecount="2"/>
      <line num="166" count="0" type="stmt"/>
      <line num="168" count="0" type="stmt"/>
      <line num="169" count="0" type="stmt"/>
      <line num="171" count="0" type="stmt"/>
      <line num="174" count="2" type="cond" truecount="1" falsecount="1"/>
      <line num="175" count="0" type="stmt"/>
      <line num="176" count="0" type="cond" truecount="0" falsecount="2"/>
      <line num="177" count="0" type="stmt"/>
      <line num="179" count="0" type="stmt"/>
      <line num="183" count="0" type="stmt"/>
      <line num="184" count="0" type="cond" truecount="0" falsecount="2"/>
      <line num="185" count="0" type="stmt"/>
      <line num="187" count="0" type="stmt"/>
      <line num="191" count="0" type="stmt"/>
      <line num="193" count="0" type="cond" truecount="0" falsecount="2"/>
      <line num="194" count="0" type="stmt"/>
      <line num="196" count="0" type="stmt"/>
      <line num="197" count="0" type="stmt"/>
      <line num="199" count="0" type="stmt"/>
      <line num="202" count="2" type="stmt"/>
      <line num="203" count="6" type="cond" truecount="1" falsecount="1"/>
      <line num="204" count="0" type="cond" truecount="0" falsecount="2"/>
      <line num="205" count="0" type="stmt"/>
      <line num="207" count="0" type="stmt"/>
      <line num="210" count="6" type="cond" truecount="2" falsecount="0"/>
      <line num="211" count="4" type="stmt"/>
      <line num="213" count="2" type="stmt"/>
      <line num="218" count="2" type="stmt"/>
      <line num="220" count="2" type="cond" truecount="2" falsecount="0"/>
      <line num="221" count="1" type="stmt"/>
      <line num="223" count="1" type="stmt"/>
      <line num="224" count="1" type="stmt"/>
      <line num="230" count="12" type="stmt"/>
      <line num="231" count="32" type="stmt"/>
      <line num="232" count="12" type="stmt"/>
      <line num="233" count="32" type="stmt"/>
      <line num="234" count="12" type="stmt"/>
      <line num="235" count="62" type="stmt"/>
      <line num="236" count="32" type="cond" truecount="2" falsecount="0"/>
      <line num="237" count="2" type="stmt"/>
      <line num="239" count="30" type="stmt"/>
      <line num="243" count="12" type="stmt"/>
      <line num="244" count="62" type="stmt"/>
      <line num="245" count="32" type="cond" truecount="2" falsecount="0"/>
      <line num="246" count="1" type="stmt"/>
      <line num="248" count="31" type="stmt"/>
      <line num="253" count="12" type="stmt"/>
      <line num="265" count="26" type="stmt"/>
      <line num="266" count="14" type="stmt"/>
      <line num="268" count="14" type="cond" truecount="2" falsecount="0"/>
      <line num="269" count="1" type="stmt"/>
      <line num="272" count="13" type="stmt"/>
      <line num="276" count="3" type="stmt"/>
      <line num="277" count="3" type="stmt"/>
      <line num="278" count="3" type="stmt"/>
      <line num="279" count="3" type="stmt"/>
      <line num="280" count="3" type="stmt"/>
      <line num="281" count="3" type="stmt"/>
      <line num="282" count="3" type="stmt"/>
      <line num="285" count="1" type="stmt"/>
      <line num="286" count="12" type="stmt"/>
      <line num="287" count="12" type="stmt"/>
      <line num="288" count="62" type="stmt"/>
      <line num="289" count="92" type="stmt"/>
      <line num="291" count="32" type="stmt"/>
      <line num="293" count="32" type="cond" truecount="2" falsecount="0"/>
      <line num="294" count="2" type="stmt"/>
      <line num="297" count="30" type="stmt"/>
      <line num="300" count="32" type="stmt"/>
      <line num="322" count="1" type="stmt"/>
      <line num="323" count="2" type="stmt"/>
      <line num="324" count="2" type="stmt"/>
      <line num="326" count="2" type="cond" truecount="2" falsecount="0"/>
      <line num="327" count="1" type="stmt"/>
      <line num="329" count="1" type="stmt"/>
      <line num="334" count="33" type="stmt"/>
      <line num="336" count="33" type="stmt"/>
      <line num="337" count="520" type="cond" truecount="4" falsecount="0"/>
      <line num="338" count="322" type="stmt"/>
      <line num="340" count="198" type="stmt"/>
      <line num="344" count="33" type="stmt"/>
      <line num="348" count="34" type="stmt"/>
      <line num="350" count="34" type="cond" truecount="2" falsecount="0"/>
      <line num="352" count="34" type="stmt"/>
      <line num="357" count="40" type="stmt"/>
      <line num="358" count="40" type="stmt"/>
      <line num="359" count="40" type="stmt"/>
      <line num="360" count="40" type="stmt"/>
      <line num="361" count="40" type="stmt"/>
      <line num="366" count="33" type="stmt"/>
      <line num="367" count="33" type="stmt"/>
      <line num="371" count="74" type="stmt"/>
      <line num="372" count="74" type="stmt"/>
      <line num="373" count="74" type="stmt"/>
      <line num="374" count="74" type="stmt"/>
      <line num="383" count="1" type="stmt"/>
    </file>
  </project>
</coverage>
