{"/home/user/apps/TESTING_APP/wg_forge_frontend/src/app.js": {"path":"/home/user/apps/TESTING_APP/wg_forge_frontend/src/app.js","statementMap":{"0":{"start":{"line":4,"column":17},"end":{"line":4,"column":63}},"1":{"start":{"line":6,"column":19},"end":{"line":6,"column":36}},"2":{"start":{"line":8,"column":4},"end":{"line":8,"column":17}},"3":{"start":{"line":12,"column":17},"end":{"line":12,"column":64}},"4":{"start":{"line":14,"column":19},"end":{"line":14,"column":36}},"5":{"start":{"line":16,"column":4},"end":{"line":16,"column":17}},"6":{"start":{"line":20,"column":17},"end":{"line":20,"column":67}},"7":{"start":{"line":22,"column":19},"end":{"line":22,"column":36}},"8":{"start":{"line":24,"column":4},"end":{"line":24,"column":17}},"9":{"start":{"line":28,"column":17},"end":{"line":28,"column":70}},"10":{"start":{"line":30,"column":19},"end":{"line":30,"column":36}},"11":{"start":{"line":32,"column":4},"end":{"line":32,"column":17}},"12":{"start":{"line":36,"column":18},"end":{"line":36,"column":34}},"13":{"start":{"line":38,"column":19},"end":{"line":38,"column":36}},"14":{"start":{"line":40,"column":22},"end":{"line":40,"column":42}},"15":{"start":{"line":42,"column":23},"end":{"line":42,"column":44}},"16":{"start":{"line":44,"column":28},"end":{"line":44,"column":30}},"17":{"start":{"line":45,"column":27},"end":{"line":45,"column":34}},"18":{"start":{"line":47,"column":4},"end":{"line":53,"column":5}},"19":{"start":{"line":48,"column":8},"end":{"line":52,"column":9}},"20":{"start":{"line":49,"column":12},"end":{"line":49,"column":110}},"21":{"start":{"line":51,"column":12},"end":{"line":51,"column":101}},"22":{"start":{"line":55,"column":4},"end":{"line":68,"column":59}},"23":{"start":{"line":70,"column":4},"end":{"line":78,"column":62}},"24":{"start":{"line":80,"column":4},"end":{"line":80,"column":62}},"25":{"start":{"line":82,"column":4},"end":{"line":92,"column":5}},"26":{"start":{"line":83,"column":8},"end":{"line":83,"column":36}},"27":{"start":{"line":84,"column":29},"end":{"line":84,"column":75}},"28":{"start":{"line":86,"column":8},"end":{"line":91,"column":9}},"29":{"start":{"line":87,"column":12},"end":{"line":87,"column":26}},"30":{"start":{"line":89,"column":12},"end":{"line":89,"column":69}},"31":{"start":{"line":90,"column":12},"end":{"line":90,"column":59}},"32":{"start":{"line":94,"column":4},"end":{"line":140,"column":5}},"33":{"start":{"line":95,"column":29},"end":{"line":95,"column":75}},"34":{"start":{"line":97,"column":32},"end":{"line":105,"column":10}},"35":{"start":{"line":98,"column":25},"end":{"line":98,"column":70}},"36":{"start":{"line":98,"column":44},"end":{"line":98,"column":69}},"37":{"start":{"line":99,"column":12},"end":{"line":104,"column":13}},"38":{"start":{"line":103,"column":16},"end":{"line":103,"column":28}},"39":{"start":{"line":107,"column":8},"end":{"line":139,"column":9}},"40":{"start":{"line":108,"column":12},"end":{"line":108,"column":78}},"41":{"start":{"line":109,"column":12},"end":{"line":109,"column":68}},"42":{"start":{"line":111,"column":12},"end":{"line":111,"column":65}},"43":{"start":{"line":112,"column":12},"end":{"line":114,"column":70}},"44":{"start":{"line":115,"column":12},"end":{"line":138,"column":70}},"45":{"start":{"line":142,"column":4},"end":{"line":144,"column":5}},"46":{"start":{"line":143,"column":8},"end":{"line":143,"column":40}},"47":{"start":{"line":146,"column":4},"end":{"line":146,"column":51}},"48":{"start":{"line":148,"column":4},"end":{"line":226,"column":5}},"49":{"start":{"line":149,"column":8},"end":{"line":149,"column":47}},"50":{"start":{"line":151,"column":8},"end":{"line":172,"column":9}},"51":{"start":{"line":152,"column":12},"end":{"line":161,"column":14}},"52":{"start":{"line":153,"column":30},"end":{"line":153,"column":76}},"53":{"start":{"line":153,"column":49},"end":{"line":153,"column":75}},"54":{"start":{"line":154,"column":30},"end":{"line":154,"column":76}},"55":{"start":{"line":154,"column":49},"end":{"line":154,"column":75}},"56":{"start":{"line":156,"column":16},"end":{"line":160,"column":17}},"57":{"start":{"line":157,"column":20},"end":{"line":157,"column":28}},"58":{"start":{"line":159,"column":20},"end":{"line":159,"column":29}},"59":{"start":{"line":163,"column":33},"end":{"line":163,"column":79}},"60":{"start":{"line":165,"column":12},"end":{"line":170,"column":13}},"61":{"start":{"line":166,"column":16},"end":{"line":166,"column":30}},"62":{"start":{"line":168,"column":16},"end":{"line":168,"column":73}},"63":{"start":{"line":169,"column":16},"end":{"line":169,"column":63}},"64":{"start":{"line":171,"column":12},"end":{"line":171,"column":19}},"65":{"start":{"line":174,"column":8},"end":{"line":200,"column":9}},"66":{"start":{"line":175,"column":12},"end":{"line":181,"column":14}},"67":{"start":{"line":176,"column":16},"end":{"line":180,"column":17}},"68":{"start":{"line":177,"column":20},"end":{"line":177,"column":28}},"69":{"start":{"line":179,"column":20},"end":{"line":179,"column":29}},"70":{"start":{"line":183,"column":12},"end":{"line":189,"column":14}},"71":{"start":{"line":184,"column":16},"end":{"line":188,"column":17}},"72":{"start":{"line":185,"column":20},"end":{"line":185,"column":28}},"73":{"start":{"line":187,"column":20},"end":{"line":187,"column":29}},"74":{"start":{"line":191,"column":33},"end":{"line":191,"column":79}},"75":{"start":{"line":193,"column":12},"end":{"line":198,"column":13}},"76":{"start":{"line":194,"column":16},"end":{"line":194,"column":30}},"77":{"start":{"line":196,"column":16},"end":{"line":196,"column":73}},"78":{"start":{"line":197,"column":16},"end":{"line":197,"column":63}},"79":{"start":{"line":199,"column":12},"end":{"line":199,"column":19}},"80":{"start":{"line":202,"column":8},"end":{"line":216,"column":10}},"81":{"start":{"line":203,"column":12},"end":{"line":215,"column":13}},"82":{"start":{"line":204,"column":16},"end":{"line":208,"column":17}},"83":{"start":{"line":205,"column":20},"end":{"line":205,"column":28}},"84":{"start":{"line":207,"column":20},"end":{"line":207,"column":29}},"85":{"start":{"line":210,"column":16},"end":{"line":214,"column":17}},"86":{"start":{"line":211,"column":20},"end":{"line":211,"column":28}},"87":{"start":{"line":213,"column":20},"end":{"line":213,"column":29}},"88":{"start":{"line":218,"column":29},"end":{"line":218,"column":75}},"89":{"start":{"line":220,"column":8},"end":{"line":225,"column":9}},"90":{"start":{"line":221,"column":12},"end":{"line":221,"column":26}},"91":{"start":{"line":223,"column":12},"end":{"line":223,"column":69}},"92":{"start":{"line":224,"column":12},"end":{"line":224,"column":59}},"93":{"start":{"line":230,"column":25},"end":{"line":230,"column":38}},"94":{"start":{"line":231,"column":25},"end":{"line":231,"column":146}},"95":{"start":{"line":231,"column":65},"end":{"line":231,"column":140}},"96":{"start":{"line":232,"column":25},"end":{"line":232,"column":65}},"97":{"start":{"line":233,"column":26},"end":{"line":233,"column":163}},"98":{"start":{"line":233,"column":66},"end":{"line":233,"column":141}},"99":{"start":{"line":234,"column":33},"end":{"line":241,"column":25}},"100":{"start":{"line":235,"column":21},"end":{"line":235,"column":66}},"101":{"start":{"line":235,"column":40},"end":{"line":235,"column":65}},"102":{"start":{"line":236,"column":8},"end":{"line":240,"column":9}},"103":{"start":{"line":237,"column":12},"end":{"line":237,"column":87}},"104":{"start":{"line":239,"column":12},"end":{"line":239,"column":30}},"105":{"start":{"line":243,"column":31},"end":{"line":250,"column":25}},"106":{"start":{"line":244,"column":21},"end":{"line":244,"column":66}},"107":{"start":{"line":244,"column":40},"end":{"line":244,"column":65}},"108":{"start":{"line":245,"column":8},"end":{"line":249,"column":9}},"109":{"start":{"line":246,"column":12},"end":{"line":246,"column":87}},"110":{"start":{"line":248,"column":12},"end":{"line":248,"column":30}},"111":{"start":{"line":253,"column":4},"end":{"line":261,"column":57}},"112":{"start":{"line":265,"column":26},"end":{"line":265,"column":152}},"113":{"start":{"line":265,"column":48},"end":{"line":265,"column":151}},"114":{"start":{"line":266,"column":19},"end":{"line":266,"column":55}},"115":{"start":{"line":268,"column":4},"end":{"line":270,"column":5}},"116":{"start":{"line":269,"column":8},"end":{"line":269,"column":107}},"117":{"start":{"line":272,"column":4},"end":{"line":272,"column":58}},"118":{"start":{"line":276,"column":4},"end":{"line":276,"column":66}},"119":{"start":{"line":277,"column":4},"end":{"line":277,"column":56}},"120":{"start":{"line":278,"column":4},"end":{"line":278,"column":62}},"121":{"start":{"line":279,"column":4},"end":{"line":279,"column":57}},"122":{"start":{"line":280,"column":4},"end":{"line":280,"column":61}},"123":{"start":{"line":281,"column":4},"end":{"line":281,"column":65}},"124":{"start":{"line":282,"column":4},"end":{"line":282,"column":79}},"125":{"start":{"line":285,"column":0},"end":{"line":319,"column":1}},"126":{"start":{"line":286,"column":4},"end":{"line":286,"column":57}},"127":{"start":{"line":287,"column":4},"end":{"line":318,"column":6}},"128":{"start":{"line":288,"column":21},"end":{"line":288,"column":66}},"129":{"start":{"line":288,"column":40},"end":{"line":288,"column":65}},"130":{"start":{"line":289,"column":24},"end":{"line":289,"column":81}},"131":{"start":{"line":289,"column":50},"end":{"line":289,"column":80}},"132":{"start":{"line":291,"column":27},"end":{"line":291,"column":29}},"133":{"start":{"line":293,"column":8},"end":{"line":298,"column":9}},"134":{"start":{"line":294,"column":12},"end":{"line":295,"column":65}},"135":{"start":{"line":297,"column":12},"end":{"line":297,"column":29}},"136":{"start":{"line":300,"column":8},"end":{"line":317,"column":68}},"137":{"start":{"line":322,"column":0},"end":{"line":331,"column":1}},"138":{"start":{"line":323,"column":23},"end":{"line":323,"column":56}},"139":{"start":{"line":324,"column":26},"end":{"line":324,"column":78}},"140":{"start":{"line":326,"column":4},"end":{"line":330,"column":5}},"141":{"start":{"line":327,"column":8},"end":{"line":327,"column":69}},"142":{"start":{"line":329,"column":8},"end":{"line":329,"column":65}},"143":{"start":{"line":334,"column":31},"end":{"line":334,"column":52}},"144":{"start":{"line":336,"column":4},"end":{"line":342,"column":6}},"145":{"start":{"line":337,"column":8},"end":{"line":341,"column":9}},"146":{"start":{"line":338,"column":12},"end":{"line":338,"column":29}},"147":{"start":{"line":340,"column":12},"end":{"line":340,"column":23}},"148":{"start":{"line":344,"column":4},"end":{"line":344,"column":40}},"149":{"start":{"line":348,"column":17},"end":{"line":348,"column":19}},"150":{"start":{"line":350,"column":4},"end":{"line":350,"column":59}},"151":{"start":{"line":352,"column":4},"end":{"line":352,"column":49}},"152":{"start":{"line":357,"column":24},"end":{"line":357,"column":55}},"153":{"start":{"line":358,"column":17},"end":{"line":358,"column":39}},"154":{"start":{"line":359,"column":16},"end":{"line":359,"column":40}},"155":{"start":{"line":360,"column":16},"end":{"line":360,"column":40}},"156":{"start":{"line":361,"column":4},"end":{"line":361,"column":74}},"157":{"start":{"line":366,"column":24},"end":{"line":366,"column":55}},"158":{"start":{"line":367,"column":4},"end":{"line":367,"column":43}},"159":{"start":{"line":371,"column":17},"end":{"line":371,"column":42}},"160":{"start":{"line":372,"column":18},"end":{"line":372,"column":44}},"161":{"start":{"line":373,"column":17},"end":{"line":373,"column":38}},"162":{"start":{"line":374,"column":4},"end":{"line":374,"column":48}},"163":{"start":{"line":383,"column":0},"end":{"line":383,"column":30}}},"fnMap":{"0":{"name":"getUsers","decl":{"start":{"line":3,"column":15},"end":{"line":3,"column":23}},"loc":{"start":{"line":3,"column":26},"end":{"line":9,"column":1}},"line":3},"1":{"name":"getOrders","decl":{"start":{"line":11,"column":15},"end":{"line":11,"column":24}},"loc":{"start":{"line":11,"column":27},"end":{"line":17,"column":1}},"line":11},"2":{"name":"getCompanies","decl":{"start":{"line":19,"column":15},"end":{"line":19,"column":27}},"loc":{"start":{"line":19,"column":30},"end":{"line":25,"column":1}},"line":19},"3":{"name":"getCurrencies","decl":{"start":{"line":27,"column":15},"end":{"line":27,"column":28}},"loc":{"start":{"line":27,"column":31},"end":{"line":33,"column":1}},"line":27},"4":{"name":"inititalize","decl":{"start":{"line":35,"column":15},"end":{"line":35,"column":26}},"loc":{"start":{"line":35,"column":29},"end":{"line":227,"column":1}},"line":35},"5":{"name":"(anonymous_5)","decl":{"start":{"line":82,"column":28},"end":{"line":82,"column":29}},"loc":{"start":{"line":82,"column":48},"end":{"line":92,"column":5}},"line":82},"6":{"name":"(anonymous_6)","decl":{"start":{"line":94,"column":26},"end":{"line":94,"column":27}},"loc":{"start":{"line":94,"column":38},"end":{"line":140,"column":5}},"line":94},"7":{"name":"(anonymous_7)","decl":{"start":{"line":97,"column":46},"end":{"line":97,"column":47}},"loc":{"start":{"line":97,"column":55},"end":{"line":105,"column":9}},"line":97},"8":{"name":"(anonymous_8)","decl":{"start":{"line":98,"column":36},"end":{"line":98,"column":37}},"loc":{"start":{"line":98,"column":44},"end":{"line":98,"column":69}},"line":98},"9":{"name":"(anonymous_9)","decl":{"start":{"line":148,"column":24},"end":{"line":148,"column":25}},"loc":{"start":{"line":148,"column":54},"end":{"line":226,"column":5}},"line":148},"10":{"name":"(anonymous_10)","decl":{"start":{"line":152,"column":24},"end":{"line":152,"column":25}},"loc":{"start":{"line":152,"column":44},"end":{"line":161,"column":13}},"line":152},"11":{"name":"(anonymous_11)","decl":{"start":{"line":153,"column":41},"end":{"line":153,"column":42}},"loc":{"start":{"line":153,"column":49},"end":{"line":153,"column":75}},"line":153},"12":{"name":"(anonymous_12)","decl":{"start":{"line":154,"column":41},"end":{"line":154,"column":42}},"loc":{"start":{"line":154,"column":49},"end":{"line":154,"column":75}},"line":154},"13":{"name":"(anonymous_13)","decl":{"start":{"line":175,"column":24},"end":{"line":175,"column":25}},"loc":{"start":{"line":175,"column":44},"end":{"line":181,"column":13}},"line":175},"14":{"name":"(anonymous_14)","decl":{"start":{"line":183,"column":24},"end":{"line":183,"column":25}},"loc":{"start":{"line":183,"column":44},"end":{"line":189,"column":13}},"line":183},"15":{"name":"(anonymous_15)","decl":{"start":{"line":202,"column":20},"end":{"line":202,"column":21}},"loc":{"start":{"line":202,"column":40},"end":{"line":216,"column":9}},"line":202},"16":{"name":"showStatistics","decl":{"start":{"line":229,"column":9},"end":{"line":229,"column":23}},"loc":{"start":{"line":229,"column":57},"end":{"line":262,"column":1}},"line":229},"17":{"name":"(anonymous_17)","decl":{"start":{"line":231,"column":39},"end":{"line":231,"column":40}},"loc":{"start":{"line":231,"column":63},"end":{"line":231,"column":142}},"line":231},"18":{"name":"(anonymous_18)","decl":{"start":{"line":233,"column":40},"end":{"line":233,"column":41}},"loc":{"start":{"line":233,"column":64},"end":{"line":233,"column":143}},"line":233},"19":{"name":"(anonymous_19)","decl":{"start":{"line":234,"column":47},"end":{"line":234,"column":48}},"loc":{"start":{"line":234,"column":71},"end":{"line":241,"column":5}},"line":234},"20":{"name":"(anonymous_20)","decl":{"start":{"line":235,"column":32},"end":{"line":235,"column":33}},"loc":{"start":{"line":235,"column":40},"end":{"line":235,"column":65}},"line":235},"21":{"name":"(anonymous_21)","decl":{"start":{"line":243,"column":45},"end":{"line":243,"column":46}},"loc":{"start":{"line":243,"column":69},"end":{"line":250,"column":5}},"line":243},"22":{"name":"(anonymous_22)","decl":{"start":{"line":244,"column":32},"end":{"line":244,"column":33}},"loc":{"start":{"line":244,"column":40},"end":{"line":244,"column":65}},"line":244},"23":{"name":"getMedianValue","decl":{"start":{"line":264,"column":9},"end":{"line":264,"column":23}},"loc":{"start":{"line":264,"column":50},"end":{"line":273,"column":1}},"line":264},"24":{"name":"(anonymous_24)","decl":{"start":{"line":265,"column":38},"end":{"line":265,"column":39}},"loc":{"start":{"line":265,"column":48},"end":{"line":265,"column":151}},"line":265},"25":{"name":"toggleSortParameter","decl":{"start":{"line":275,"column":9},"end":{"line":275,"column":28}},"loc":{"start":{"line":275,"column":49},"end":{"line":283,"column":1}},"line":275},"26":{"name":"(anonymous_26)","decl":{"start":{"line":285,"column":23},"end":{"line":285,"column":24}},"loc":{"start":{"line":285,"column":77},"end":{"line":319,"column":1}},"line":285},"27":{"name":"(anonymous_27)","decl":{"start":{"line":287,"column":19},"end":{"line":287,"column":20}},"loc":{"start":{"line":287,"column":28},"end":{"line":318,"column":5}},"line":287},"28":{"name":"(anonymous_28)","decl":{"start":{"line":288,"column":32},"end":{"line":288,"column":33}},"loc":{"start":{"line":288,"column":40},"end":{"line":288,"column":65}},"line":288},"29":{"name":"(anonymous_29)","decl":{"start":{"line":289,"column":39},"end":{"line":289,"column":40}},"loc":{"start":{"line":289,"column":50},"end":{"line":289,"column":80}},"line":289},"30":{"name":"(anonymous_30)","decl":{"start":{"line":322,"column":24},"end":{"line":322,"column":25}},"loc":{"start":{"line":322,"column":44},"end":{"line":331,"column":1}},"line":322},"31":{"name":"getFormattedCardNumber","decl":{"start":{"line":333,"column":9},"end":{"line":333,"column":31}},"loc":{"start":{"line":333,"column":45},"end":{"line":345,"column":1}},"line":333},"32":{"name":"(anonymous_32)","decl":{"start":{"line":336,"column":52},"end":{"line":336,"column":53}},"loc":{"start":{"line":336,"column":69},"end":{"line":342,"column":5}},"line":336},"33":{"name":"getFormattedName","decl":{"start":{"line":347,"column":9},"end":{"line":347,"column":25}},"loc":{"start":{"line":347,"column":57},"end":{"line":353,"column":1}},"line":347},"34":{"name":"orderDateConverter","decl":{"start":{"line":356,"column":9},"end":{"line":356,"column":27}},"loc":{"start":{"line":356,"column":44},"end":{"line":362,"column":1}},"line":356},"35":{"name":"birthdayDateConverter","decl":{"start":{"line":365,"column":9},"end":{"line":365,"column":30}},"loc":{"start":{"line":365,"column":47},"end":{"line":368,"column":1}},"line":365},"36":{"name":"dateConverterHelper","decl":{"start":{"line":370,"column":9},"end":{"line":370,"column":28}},"loc":{"start":{"line":370,"column":42},"end":{"line":375,"column":1}},"line":370}},"branchMap":{"0":{"loc":{"start":{"line":48,"column":8},"end":{"line":52,"column":9}},"type":"if","locations":[{"start":{"line":48,"column":8},"end":{"line":52,"column":9}},{"start":{"line":48,"column":8},"end":{"line":52,"column":9}}],"line":48},"1":{"loc":{"start":{"line":86,"column":8},"end":{"line":91,"column":9}},"type":"if","locations":[{"start":{"line":86,"column":8},"end":{"line":91,"column":9}},{"start":{"line":86,"column":8},"end":{"line":91,"column":9}}],"line":86},"2":{"loc":{"start":{"line":99,"column":12},"end":{"line":104,"column":13}},"type":"if","locations":[{"start":{"line":99,"column":12},"end":{"line":104,"column":13}},{"start":{"line":99,"column":12},"end":{"line":104,"column":13}}],"line":99},"3":{"loc":{"start":{"line":99,"column":16},"end":{"line":102,"column":95}},"type":"binary-expr","locations":[{"start":{"line":99,"column":16},"end":{"line":99,"column":59}},{"start":{"line":99,"column":63},"end":{"line":99,"column":97}},{"start":{"line":100,"column":16},"end":{"line":100,"column":54}},{"start":{"line":100,"column":58},"end":{"line":100,"column":100}},{"start":{"line":101,"column":16},"end":{"line":101,"column":53}},{"start":{"line":101,"column":57},"end":{"line":101,"column":116}},{"start":{"line":102,"column":16},"end":{"line":102,"column":54}},{"start":{"line":102,"column":58},"end":{"line":102,"column":95}}],"line":99},"4":{"loc":{"start":{"line":107,"column":8},"end":{"line":139,"column":9}},"type":"if","locations":[{"start":{"line":107,"column":8},"end":{"line":139,"column":9}},{"start":{"line":107,"column":8},"end":{"line":139,"column":9}}],"line":107},"5":{"loc":{"start":{"line":151,"column":8},"end":{"line":172,"column":9}},"type":"if","locations":[{"start":{"line":151,"column":8},"end":{"line":172,"column":9}},{"start":{"line":151,"column":8},"end":{"line":172,"column":9}}],"line":151},"6":{"loc":{"start":{"line":156,"column":16},"end":{"line":160,"column":17}},"type":"if","locations":[{"start":{"line":156,"column":16},"end":{"line":160,"column":17}},{"start":{"line":156,"column":16},"end":{"line":160,"column":17}}],"line":156},"7":{"loc":{"start":{"line":165,"column":12},"end":{"line":170,"column":13}},"type":"if","locations":[{"start":{"line":165,"column":12},"end":{"line":170,"column":13}},{"start":{"line":165,"column":12},"end":{"line":170,"column":13}}],"line":165},"8":{"loc":{"start":{"line":174,"column":8},"end":{"line":200,"column":9}},"type":"if","locations":[{"start":{"line":174,"column":8},"end":{"line":200,"column":9}},{"start":{"line":174,"column":8},"end":{"line":200,"column":9}}],"line":174},"9":{"loc":{"start":{"line":176,"column":16},"end":{"line":180,"column":17}},"type":"if","locations":[{"start":{"line":176,"column":16},"end":{"line":180,"column":17}},{"start":{"line":176,"column":16},"end":{"line":180,"column":17}}],"line":176},"10":{"loc":{"start":{"line":184,"column":16},"end":{"line":188,"column":17}},"type":"if","locations":[{"start":{"line":184,"column":16},"end":{"line":188,"column":17}},{"start":{"line":184,"column":16},"end":{"line":188,"column":17}}],"line":184},"11":{"loc":{"start":{"line":193,"column":12},"end":{"line":198,"column":13}},"type":"if","locations":[{"start":{"line":193,"column":12},"end":{"line":198,"column":13}},{"start":{"line":193,"column":12},"end":{"line":198,"column":13}}],"line":193},"12":{"loc":{"start":{"line":203,"column":12},"end":{"line":215,"column":13}},"type":"if","locations":[{"start":{"line":203,"column":12},"end":{"line":215,"column":13}},{"start":{"line":203,"column":12},"end":{"line":215,"column":13}}],"line":203},"13":{"loc":{"start":{"line":204,"column":16},"end":{"line":208,"column":17}},"type":"if","locations":[{"start":{"line":204,"column":16},"end":{"line":208,"column":17}},{"start":{"line":204,"column":16},"end":{"line":208,"column":17}}],"line":204},"14":{"loc":{"start":{"line":210,"column":16},"end":{"line":214,"column":17}},"type":"if","locations":[{"start":{"line":210,"column":16},"end":{"line":214,"column":17}},{"start":{"line":210,"column":16},"end":{"line":214,"column":17}}],"line":210},"15":{"loc":{"start":{"line":220,"column":8},"end":{"line":225,"column":9}},"type":"if","locations":[{"start":{"line":220,"column":8},"end":{"line":225,"column":9}},{"start":{"line":220,"column":8},"end":{"line":225,"column":9}}],"line":220},"16":{"loc":{"start":{"line":236,"column":8},"end":{"line":240,"column":9}},"type":"if","locations":[{"start":{"line":236,"column":8},"end":{"line":240,"column":9}},{"start":{"line":236,"column":8},"end":{"line":240,"column":9}}],"line":236},"17":{"loc":{"start":{"line":245,"column":8},"end":{"line":249,"column":9}},"type":"if","locations":[{"start":{"line":245,"column":8},"end":{"line":249,"column":9}},{"start":{"line":245,"column":8},"end":{"line":249,"column":9}}],"line":245},"18":{"loc":{"start":{"line":268,"column":4},"end":{"line":270,"column":5}},"type":"if","locations":[{"start":{"line":268,"column":4},"end":{"line":270,"column":5}},{"start":{"line":268,"column":4},"end":{"line":270,"column":5}}],"line":268},"19":{"loc":{"start":{"line":293,"column":8},"end":{"line":298,"column":9}},"type":"if","locations":[{"start":{"line":293,"column":8},"end":{"line":298,"column":9}},{"start":{"line":293,"column":8},"end":{"line":298,"column":9}}],"line":293},"20":{"loc":{"start":{"line":326,"column":4},"end":{"line":330,"column":5}},"type":"if","locations":[{"start":{"line":326,"column":4},"end":{"line":330,"column":5}},{"start":{"line":326,"column":4},"end":{"line":330,"column":5}}],"line":326},"21":{"loc":{"start":{"line":337,"column":8},"end":{"line":341,"column":9}},"type":"if","locations":[{"start":{"line":337,"column":8},"end":{"line":341,"column":9}},{"start":{"line":337,"column":8},"end":{"line":341,"column":9}}],"line":337},"22":{"loc":{"start":{"line":337,"column":12},"end":{"line":337,"column":64}},"type":"binary-expr","locations":[{"start":{"line":337,"column":12},"end":{"line":337,"column":21}},{"start":{"line":337,"column":25},"end":{"line":337,"column":64}}],"line":337},"23":{"loc":{"start":{"line":350,"column":4},"end":{"line":350,"column":59}},"type":"cond-expr","locations":[{"start":{"line":350,"column":24},"end":{"line":350,"column":40}},{"start":{"line":350,"column":43},"end":{"line":350,"column":59}}],"line":350}},"s":{"0":7,"1":6,"2":6,"3":6,"4":6,"5":6,"6":6,"7":6,"8":6,"9":6,"10":6,"11":6,"12":7,"13":6,"14":6,"15":6,"16":6,"17":6,"18":6,"19":0,"20":0,"21":0,"22":6,"23":6,"24":6,"25":6,"26":2,"27":2,"28":2,"29":1,"30":1,"31":1,"32":6,"33":4,"34":4,"35":12,"36":24,"37":12,"38":5,"39":4,"40":3,"41":3,"42":1,"43":1,"44":1,"45":6,"46":126,"47":6,"48":6,"49":2,"50":2,"51":0,"52":0,"53":0,"54":0,"55":0,"56":0,"57":0,"58":0,"59":0,"60":0,"61":0,"62":0,"63":0,"64":0,"65":2,"66":0,"67":0,"68":0,"69":0,"70":0,"71":0,"72":0,"73":0,"74":0,"75":0,"76":0,"77":0,"78":0,"79":0,"80":2,"81":6,"82":0,"83":0,"84":0,"85":6,"86":4,"87":2,"88":2,"89":2,"90":1,"91":1,"92":1,"93":12,"94":12,"95":32,"96":12,"97":12,"98":32,"99":12,"100":32,"101":62,"102":32,"103":2,"104":30,"105":12,"106":32,"107":62,"108":32,"109":1,"110":31,"111":12,"112":14,"113":26,"114":14,"115":14,"116":1,"117":13,"118":3,"119":3,"120":3,"121":3,"122":3,"123":3,"124":3,"125":1,"126":12,"127":12,"128":32,"129":62,"130":32,"131":92,"132":32,"133":32,"134":2,"135":30,"136":32,"137":1,"138":2,"139":2,"140":2,"141":1,"142":1,"143":33,"144":33,"145":520,"146":322,"147":198,"148":33,"149":34,"150":34,"151":34,"152":40,"153":40,"154":40,"155":40,"156":40,"157":33,"158":33,"159":74,"160":74,"161":74,"162":74,"163":1},"f":{"0":7,"1":6,"2":6,"3":6,"4":7,"5":2,"6":4,"7":12,"8":24,"9":2,"10":0,"11":0,"12":0,"13":0,"14":0,"15":6,"16":12,"17":32,"18":32,"19":32,"20":62,"21":32,"22":62,"23":14,"24":26,"25":3,"26":12,"27":32,"28":62,"29":92,"30":2,"31":33,"32":520,"33":34,"34":40,"35":33,"36":74},"b":{"0":[0,0],"1":[1,1],"2":[5,7],"3":[12,9,9,7,7,7,7,7],"4":[3,1],"5":[0,2],"6":[0,0],"7":[0,0],"8":[0,2],"9":[0,0],"10":[0,0],"11":[0,0],"12":[0,6],"13":[0,0],"14":[4,2],"15":[1,1],"16":[2,30],"17":[1,31],"18":[1,13],"19":[2,30],"20":[1,1],"21":[322,198],"22":[520,454],"23":[2,32]},"_coverageSchema":"1a1c01bbd47fc00a2c39e90264f33305004495a9","hash":"ad821718f4b9ea2c44e2731c208cfc45df523e5a"}
}
