TN:
SF:src/app.js
FN:3,getUsers
FN:11,getOrders
FN:19,getCompanies
FN:27,getCurrencies
FN:35,inititalize
FN:82,(anonymous_5)
FN:94,(anonymous_6)
FN:97,(anonymous_7)
FN:98,(anonymous_8)
FN:148,(anonymous_9)
FN:152,(anonymous_10)
FN:153,(anonymous_11)
FN:154,(anonymous_12)
FN:175,(anonymous_13)
FN:183,(anonymous_14)
FN:202,(anonymous_15)
FN:229,showStatistics
FN:231,(anonymous_17)
FN:233,(anonymous_18)
FN:234,(anonymous_19)
FN:235,(anonymous_20)
FN:243,(anonymous_21)
FN:244,(anonymous_22)
FN:264,getMedianValue
FN:265,(anonymous_24)
FN:275,toggleSortParameter
FN:285,(anonymous_26)
FN:287,(anonymous_27)
FN:288,(anonymous_28)
FN:289,(anonymous_29)
FN:322,(anonymous_30)
FN:333,getFormattedCardNumber
FN:336,(anonymous_32)
FN:347,getFormattedName
FN:356,orderDateConverter
FN:365,birthdayDateConverter
FN:370,dateConverterHelper
FNF:37
FNH:32
FNDA:7,getUsers
FNDA:6,getOrders
FNDA:6,getCompanies
FNDA:6,getCurrencies
FNDA:7,inititalize
FNDA:2,(anonymous_5)
FNDA:4,(anonymous_6)
FNDA:12,(anonymous_7)
FNDA:24,(anonymous_8)
FNDA:2,(anonymous_9)
FNDA:0,(anonymous_10)
FNDA:0,(anonymous_11)
FNDA:0,(anonymous_12)
FNDA:0,(anonymous_13)
FNDA:0,(anonymous_14)
FNDA:6,(anonymous_15)
FNDA:12,showStatistics
FNDA:32,(anonymous_17)
FNDA:32,(anonymous_18)
FNDA:32,(anonymous_19)
FNDA:62,(anonymous_20)
FNDA:32,(anonymous_21)
FNDA:62,(anonymous_22)
FNDA:14,getMedianValue
FNDA:26,(anonymous_24)
FNDA:3,toggleSortParameter
FNDA:12,(anonymous_26)
FNDA:32,(anonymous_27)
FNDA:62,(anonymous_28)
FNDA:92,(anonymous_29)
FNDA:2,(anonymous_30)
FNDA:33,getFormattedCardNumber
FNDA:520,(anonymous_32)
FNDA:34,getFormattedName
FNDA:40,orderDateConverter
FNDA:33,birthdayDateConverter
FNDA:74,dateConverterHelper
DA:4,7
DA:6,6
DA:8,6
DA:12,6
DA:14,6
DA:16,6
DA:20,6
DA:22,6
DA:24,6
DA:28,6
DA:30,6
DA:32,6
DA:36,7
DA:38,6
DA:40,6
DA:42,6
DA:44,6
DA:45,6
DA:47,6
DA:48,0
DA:49,0
DA:51,0
DA:55,6
DA:70,6
DA:80,6
DA:82,6
DA:83,2
DA:84,2
DA:86,2
DA:87,1
DA:89,1
DA:90,1
DA:94,6
DA:95,4
DA:97,4
DA:98,24
DA:99,12
DA:103,5
DA:107,4
DA:108,3
DA:109,3
DA:111,1
DA:112,1
DA:115,1
DA:142,6
DA:143,126
DA:146,6
DA:148,6
DA:149,2
DA:151,2
DA:152,0
DA:153,0
DA:154,0
DA:156,0
DA:157,0
DA:159,0
DA:163,0
DA:165,0
DA:166,0
DA:168,0
DA:169,0
DA:171,0
DA:174,2
DA:175,0
DA:176,0
DA:177,0
DA:179,0
DA:183,0
DA:184,0
DA:185,0
DA:187,0
DA:191,0
DA:193,0
DA:194,0
DA:196,0
DA:197,0
DA:199,0
DA:202,2
DA:203,6
DA:204,0
DA:205,0
DA:207,0
DA:210,6
DA:211,4
DA:213,2
DA:218,2
DA:220,2
DA:221,1
DA:223,1
DA:224,1
DA:230,12
DA:231,32
DA:232,12
DA:233,32
DA:234,12
DA:235,62
DA:236,32
DA:237,2
DA:239,30
DA:243,12
DA:244,62
DA:245,32
DA:246,1
DA:248,31
DA:253,12
DA:265,26
DA:266,14
DA:268,14
DA:269,1
DA:272,13
DA:276,3
DA:277,3
DA:278,3
DA:279,3
DA:280,3
DA:281,3
DA:282,3
DA:285,1
DA:286,12
DA:287,12
DA:288,62
DA:289,92
DA:291,32
DA:293,32
DA:294,2
DA:297,30
DA:300,32
DA:322,1
DA:323,2
DA:324,2
DA:326,2
DA:327,1
DA:329,1
DA:334,33
DA:336,33
DA:337,520
DA:338,322
DA:340,198
DA:344,33
DA:348,34
DA:350,34
DA:352,34
DA:357,40
DA:358,40
DA:359,40
DA:360,40
DA:361,40
DA:366,33
DA:367,33
DA:371,74
DA:372,74
DA:373,74
DA:374,74
DA:383,1
LF:154
LH:122
BRDA:48,0,0,0
BRDA:48,0,1,0
BRDA:86,1,0,1
BRDA:86,1,1,1
BRDA:99,2,0,5
BRDA:99,2,1,7
BRDA:99,3,0,12
BRDA:99,3,1,9
BRDA:99,3,2,9
BRDA:99,3,3,7
BRDA:99,3,4,7
BRDA:99,3,5,7
BRDA:99,3,6,7
BRDA:99,3,7,7
BRDA:107,4,0,3
BRDA:107,4,1,1
BRDA:151,5,0,0
BRDA:151,5,1,2
BRDA:156,6,0,0
BRDA:156,6,1,0
BRDA:165,7,0,0
BRDA:165,7,1,0
BRDA:174,8,0,0
BRDA:174,8,1,2
BRDA:176,9,0,0
BRDA:176,9,1,0
BRDA:184,10,0,0
BRDA:184,10,1,0
BRDA:193,11,0,0
BRDA:193,11,1,0
BRDA:203,12,0,0
BRDA:203,12,1,6
BRDA:204,13,0,0
BRDA:204,13,1,0
BRDA:210,14,0,4
BRDA:210,14,1,2
BRDA:220,15,0,1
BRDA:220,15,1,1
BRDA:236,16,0,2
BRDA:236,16,1,30
BRDA:245,17,0,1
BRDA:245,17,1,31
BRDA:268,18,0,1
BRDA:268,18,1,13
BRDA:293,19,0,2
BRDA:293,19,1,30
BRDA:326,20,0,1
BRDA:326,20,1,1
BRDA:337,21,0,322
BRDA:337,21,1,198
BRDA:337,22,0,520
BRDA:337,22,1,454
BRDA:350,23,0,2
BRDA:350,23,1,32
BRF:54
BRH:37
end_of_record
